<?xml version="1.0" encoding="UTF-8"?>
<testsuite name="TestCalculator" tests="4" skipped="0" failures="0" errors="0" timestamp="2022-11-10T19:56:36" hostname="DESKTOP-IBJ6ESB" time="0.046">
  <properties/>
  <testcase name="subtraction()" classname="TestCalculator" time="0.038"/>
  <testcase name="addition()" classname="TestCalculator" time="0.001"/>
  <testcase name="division()" classname="TestCalculator" time="0.001"/>
  <testcase name="multiplication()" classname="TestCalculator" time="0.002"/>
  <system-out><![CDATA[]]></system-out>
  <system-err><![CDATA[]]></system-err>
</testsuite>
